<?xml version="1.0" encoding="UTF-8"?>
<testng-results skipped="0" failed="0" ignored="0" total="1" passed="1">
  <reporter-output>
  </reporter-output>
  <suite name="MTA API Automation Script " duration-ms="9682" started-at="2018-09-18T21:06:42Z" finished-at="2018-09-18T21:06:52Z">
    <groups>
    </groups>
    <test name="Search Test" duration-ms="9682" started-at="2018-09-18T21:06:42Z" finished-at="2018-09-18T21:06:52Z">
      <class name="inputSearch.searchInput">
        <test-method status="PASS" signature="setUP(boolean, java.lang.String, java.lang.String, java.lang.String, java.lang.String, java.lang.String, java.lang.String)[pri:0, instance:inputSearch.searchInput@69d9c55]" name="setUP" is-config="true" duration-ms="6169" started-at="2018-09-18T17:06:42Z" finished-at="2018-09-18T17:06:48Z">
          <params>
            <param index="0">
              <value>
                <![CDATA[false]]>
              </value>
            </param>
            <param index="1">
              <value>
                <![CDATA[browserstack]]>
              </value>
            </param>
            <param index="2">
              <value>
                <![CDATA[windows]]>
              </value>
            </param>
            <param index="3">
              <value>
                <![CDATA[10]]>
              </value>
            </param>
            <param index="4">
              <value>
                <![CDATA[chrome]]>
              </value>
            </param>
            <param index="5">
              <value>
                <![CDATA[60.0]]>
              </value>
            </param>
            <param index="6">
              <value>
                <![CDATA[https://www.mta.info/]]>
              </value>
            </param>
          </params>
          <reporter-output>
          </reporter-output>
        </test-method> <!-- setUP -->
        <test-method status="PASS" signature="search()[pri:0, instance:inputSearch.searchInput@69d9c55]" name="search" duration-ms="768" started-at="2018-09-18T17:06:48Z" finished-at="2018-09-18T17:06:49Z">
          <reporter-output>
          </reporter-output>
        </test-method> <!-- search -->
        <test-method status="PASS" signature="close()[pri:0, instance:inputSearch.searchInput@69d9c55]" name="close" is-config="true" duration-ms="2731" started-at="2018-09-18T17:06:49Z" finished-at="2018-09-18T17:06:52Z">
          <reporter-output>
          </reporter-output>
        </test-method> <!-- close -->
      </class> <!-- inputSearch.searchInput -->
    </test> <!-- Search Test -->
  </suite> <!-- MTA API Automation Script  -->
</testng-results>
